C:\Program Files\Microsoft Visual Studio\2022\Community\MSBuild\Microsoft\VC\v170\Microsoft.CppBuild.targets(534,5): warning MSB8028: Katalog pośredni (x64\Debug\) zawiera pliki udostępnione z innego projektu (SetPlot.vcxproj). Może to spowodować niepoprawne zachowanie podczas oczyszczania i ponownej kompilacji.
  main.cpp
C:\Users\mruczy\Desktop\SFML\main.cpp(6,12): warning C4244: "argument": konwersja z "time_t" do "unsigned int", możliwa utrata danych
sfml-graphics-s-d.lib(Transformable.cpp.obj) : warning LNK4099: nie znaleziono pliku PDB "sfml-graphics-s-d.pdb" z elementem "sfml-graphics-s-d.lib(Transformable.cpp.obj)" lub w pozycji "C:\Users\mruczy\Desktop\SFML\x64\Debug\sfml-graphics-s-d.pdb"; obiekt zostanie skonsolidowany bez informacji debugowania
sfml-graphics-s-d.lib(RenderTarget.cpp.obj) : warning LNK4099: nie znaleziono pliku PDB "sfml-graphics-s-d.pdb" z elementem "sfml-graphics-s-d.lib(RenderTarget.cpp.obj)" lub w pozycji "C:\Users\mruczy\Desktop\SFML\x64\Debug\sfml-graphics-s-d.pdb"; obiekt zostanie skonsolidowany bez informacji debugowania
sfml-graphics-s-d.lib(Sprite.cpp.obj) : warning LNK4099: nie znaleziono pliku PDB "sfml-graphics-s-d.pdb" z elementem "sfml-graphics-s-d.lib(Sprite.cpp.obj)" lub w pozycji "C:\Users\mruczy\Desktop\SFML\x64\Debug\sfml-graphics-s-d.pdb"; obiekt zostanie skonsolidowany bez informacji debugowania
sfml-graphics-s-d.lib(RenderStates.cpp.obj) : warning LNK4099: nie znaleziono pliku PDB "sfml-graphics-s-d.pdb" z elementem "sfml-graphics-s-d.lib(RenderStates.cpp.obj)" lub w pozycji "C:\Users\mruczy\Desktop\SFML\x64\Debug\sfml-graphics-s-d.pdb"; obiekt zostanie skonsolidowany bez informacji debugowania
sfml-graphics-s-d.lib(Color.cpp.obj) : warning LNK4099: nie znaleziono pliku PDB "sfml-graphics-s-d.pdb" z elementem "sfml-graphics-s-d.lib(Color.cpp.obj)" lub w pozycji "C:\Users\mruczy\Desktop\SFML\x64\Debug\sfml-graphics-s-d.pdb"; obiekt zostanie skonsolidowany bez informacji debugowania
sfml-graphics-s-d.lib(Shape.cpp.obj) : warning LNK4099: nie znaleziono pliku PDB "sfml-graphics-s-d.pdb" z elementem "sfml-graphics-s-d.lib(Shape.cpp.obj)" lub w pozycji "C:\Users\mruczy\Desktop\SFML\x64\Debug\sfml-graphics-s-d.pdb"; obiekt zostanie skonsolidowany bez informacji debugowania
sfml-graphics-s-d.lib(CircleShape.cpp.obj) : warning LNK4099: nie znaleziono pliku PDB "sfml-graphics-s-d.pdb" z elementem "sfml-graphics-s-d.lib(CircleShape.cpp.obj)" lub w pozycji "C:\Users\mruczy\Desktop\SFML\x64\Debug\sfml-graphics-s-d.pdb"; obiekt zostanie skonsolidowany bez informacji debugowania
sfml-graphics-s-d.lib(Texture.cpp.obj) : warning LNK4099: nie znaleziono pliku PDB "sfml-graphics-s-d.pdb" z elementem "sfml-graphics-s-d.lib(Texture.cpp.obj)" lub w pozycji "C:\Users\mruczy\Desktop\SFML\x64\Debug\sfml-graphics-s-d.pdb"; obiekt zostanie skonsolidowany bez informacji debugowania
sfml-graphics-s-d.lib(Font.cpp.obj) : warning LNK4099: nie znaleziono pliku PDB "sfml-graphics-s-d.pdb" z elementem "sfml-graphics-s-d.lib(Font.cpp.obj)" lub w pozycji "C:\Users\mruczy\Desktop\SFML\x64\Debug\sfml-graphics-s-d.pdb"; obiekt zostanie skonsolidowany bez informacji debugowania
sfml-graphics-s-d.lib(RectangleShape.cpp.obj) : warning LNK4099: nie znaleziono pliku PDB "sfml-graphics-s-d.pdb" z elementem "sfml-graphics-s-d.lib(RectangleShape.cpp.obj)" lub w pozycji "C:\Users\mruczy\Desktop\SFML\x64\Debug\sfml-graphics-s-d.pdb"; obiekt zostanie skonsolidowany bez informacji debugowania
sfml-graphics-s-d.lib(RenderWindow.cpp.obj) : warning LNK4099: nie znaleziono pliku PDB "sfml-graphics-s-d.pdb" z elementem "sfml-graphics-s-d.lib(RenderWindow.cpp.obj)" lub w pozycji "C:\Users\mruczy\Desktop\SFML\x64\Debug\sfml-graphics-s-d.pdb"; obiekt zostanie skonsolidowany bez informacji debugowania
sfml-graphics-s-d.lib(Text.cpp.obj) : warning LNK4099: nie znaleziono pliku PDB "sfml-graphics-s-d.pdb" z elementem "sfml-graphics-s-d.lib(Text.cpp.obj)" lub w pozycji "C:\Users\mruczy\Desktop\SFML\x64\Debug\sfml-graphics-s-d.pdb"; obiekt zostanie skonsolidowany bez informacji debugowania
sfml-graphics-s-d.lib(Transform.cpp.obj) : warning LNK4099: nie znaleziono pliku PDB "sfml-graphics-s-d.pdb" z elementem "sfml-graphics-s-d.lib(Transform.cpp.obj)" lub w pozycji "C:\Users\mruczy\Desktop\SFML\x64\Debug\sfml-graphics-s-d.pdb"; obiekt zostanie skonsolidowany bez informacji debugowania
sfml-graphics-s-d.lib(View.cpp.obj) : warning LNK4099: nie znaleziono pliku PDB "sfml-graphics-s-d.pdb" z elementem "sfml-graphics-s-d.lib(View.cpp.obj)" lub w pozycji "C:\Users\mruczy\Desktop\SFML\x64\Debug\sfml-graphics-s-d.pdb"; obiekt zostanie skonsolidowany bez informacji debugowania
sfml-graphics-s-d.lib(BlendMode.cpp.obj) : warning LNK4099: nie znaleziono pliku PDB "sfml-graphics-s-d.pdb" z elementem "sfml-graphics-s-d.lib(BlendMode.cpp.obj)" lub w pozycji "C:\Users\mruczy\Desktop\SFML\x64\Debug\sfml-graphics-s-d.pdb"; obiekt zostanie skonsolidowany bez informacji debugowania
sfml-graphics-s-d.lib(Vertex.cpp.obj) : warning LNK4099: nie znaleziono pliku PDB "sfml-graphics-s-d.pdb" z elementem "sfml-graphics-s-d.lib(Vertex.cpp.obj)" lub w pozycji "C:\Users\mruczy\Desktop\SFML\x64\Debug\sfml-graphics-s-d.pdb"; obiekt zostanie skonsolidowany bez informacji debugowania
sfml-graphics-s-d.lib(Shader.cpp.obj) : warning LNK4099: nie znaleziono pliku PDB "sfml-graphics-s-d.pdb" z elementem "sfml-graphics-s-d.lib(Shader.cpp.obj)" lub w pozycji "C:\Users\mruczy\Desktop\SFML\x64\Debug\sfml-graphics-s-d.pdb"; obiekt zostanie skonsolidowany bez informacji debugowania
sfml-graphics-s-d.lib(VertexBuffer.cpp.obj) : warning LNK4099: nie znaleziono pliku PDB "sfml-graphics-s-d.pdb" z elementem "sfml-graphics-s-d.lib(VertexBuffer.cpp.obj)" lub w pozycji "C:\Users\mruczy\Desktop\SFML\x64\Debug\sfml-graphics-s-d.pdb"; obiekt zostanie skonsolidowany bez informacji debugowania
sfml-graphics-s-d.lib(GLExtensions.cpp.obj) : warning LNK4099: nie znaleziono pliku PDB "sfml-graphics-s-d.pdb" z elementem "sfml-graphics-s-d.lib(GLExtensions.cpp.obj)" lub w pozycji "C:\Users\mruczy\Desktop\SFML\x64\Debug\sfml-graphics-s-d.pdb"; obiekt zostanie skonsolidowany bez informacji debugowania
sfml-graphics-s-d.lib(GLCheck.cpp.obj) : warning LNK4099: nie znaleziono pliku PDB "sfml-graphics-s-d.pdb" z elementem "sfml-graphics-s-d.lib(GLCheck.cpp.obj)" lub w pozycji "C:\Users\mruczy\Desktop\SFML\x64\Debug\sfml-graphics-s-d.pdb"; obiekt zostanie skonsolidowany bez informacji debugowania
sfml-graphics-s-d.lib(GLLoader.cpp.obj) : warning LNK4099: nie znaleziono pliku PDB "sfml-graphics-s-d.pdb" z elementem "sfml-graphics-s-d.lib(GLLoader.cpp.obj)" lub w pozycji "C:\Users\mruczy\Desktop\SFML\x64\Debug\sfml-graphics-s-d.pdb"; obiekt zostanie skonsolidowany bez informacji debugowania
sfml-graphics-s-d.lib(VertexArray.cpp.obj) : warning LNK4099: nie znaleziono pliku PDB "sfml-graphics-s-d.pdb" z elementem "sfml-graphics-s-d.lib(VertexArray.cpp.obj)" lub w pozycji "C:\Users\mruczy\Desktop\SFML\x64\Debug\sfml-graphics-s-d.pdb"; obiekt zostanie skonsolidowany bez informacji debugowania
sfml-graphics-s-d.lib(Image.cpp.obj) : warning LNK4099: nie znaleziono pliku PDB "sfml-graphics-s-d.pdb" z elementem "sfml-graphics-s-d.lib(Image.cpp.obj)" lub w pozycji "C:\Users\mruczy\Desktop\SFML\x64\Debug\sfml-graphics-s-d.pdb"; obiekt zostanie skonsolidowany bez informacji debugowania
sfml-graphics-s-d.lib(TextureSaver.cpp.obj) : warning LNK4099: nie znaleziono pliku PDB "sfml-graphics-s-d.pdb" z elementem "sfml-graphics-s-d.lib(TextureSaver.cpp.obj)" lub w pozycji "C:\Users\mruczy\Desktop\SFML\x64\Debug\sfml-graphics-s-d.pdb"; obiekt zostanie skonsolidowany bez informacji debugowania
sfml-graphics-s-d.lib(RenderTextureImplFBO.cpp.obj) : warning LNK4099: nie znaleziono pliku PDB "sfml-graphics-s-d.pdb" z elementem "sfml-graphics-s-d.lib(RenderTextureImplFBO.cpp.obj)" lub w pozycji "C:\Users\mruczy\Desktop\SFML\x64\Debug\sfml-graphics-s-d.pdb"; obiekt zostanie skonsolidowany bez informacji debugowania
sfml-graphics-s-d.lib(Glsl.cpp.obj) : warning LNK4099: nie znaleziono pliku PDB "sfml-graphics-s-d.pdb" z elementem "sfml-graphics-s-d.lib(Glsl.cpp.obj)" lub w pozycji "C:\Users\mruczy\Desktop\SFML\x64\Debug\sfml-graphics-s-d.pdb"; obiekt zostanie skonsolidowany bez informacji debugowania
sfml-graphics-s-d.lib(ImageLoader.cpp.obj) : warning LNK4099: nie znaleziono pliku PDB "sfml-graphics-s-d.pdb" z elementem "sfml-graphics-s-d.lib(ImageLoader.cpp.obj)" lub w pozycji "C:\Users\mruczy\Desktop\SFML\x64\Debug\sfml-graphics-s-d.pdb"; obiekt zostanie skonsolidowany bez informacji debugowania
sfml-graphics-s-d.lib(RenderTextureImpl.cpp.obj) : warning LNK4099: nie znaleziono pliku PDB "sfml-graphics-s-d.pdb" z elementem "sfml-graphics-s-d.lib(RenderTextureImpl.cpp.obj)" lub w pozycji "C:\Users\mruczy\Desktop\SFML\x64\Debug\sfml-graphics-s-d.pdb"; obiekt zostanie skonsolidowany bez informacji debugowania
sfml-window-s-d.lib(Keyboard.cpp.obj) : warning LNK4099: nie znaleziono pliku PDB "sfml-window-s-d.pdb" z elementem "sfml-window-s-d.lib(Keyboard.cpp.obj)" lub w pozycji "C:\Users\mruczy\Desktop\SFML\x64\Debug\sfml-window-s-d.pdb"; obiekt zostanie skonsolidowany bez informacji debugowania
sfml-window-s-d.lib(VideoMode.cpp.obj) : warning LNK4099: nie znaleziono pliku PDB "sfml-window-s-d.pdb" z elementem "sfml-window-s-d.lib(VideoMode.cpp.obj)" lub w pozycji "C:\Users\mruczy\Desktop\SFML\x64\Debug\sfml-window-s-d.pdb"; obiekt zostanie skonsolidowany bez informacji debugowania
sfml-window-s-d.lib(Window.cpp.obj) : warning LNK4099: nie znaleziono pliku PDB "sfml-window-s-d.pdb" z elementem "sfml-window-s-d.lib(Window.cpp.obj)" lub w pozycji "C:\Users\mruczy\Desktop\SFML\x64\Debug\sfml-window-s-d.pdb"; obiekt zostanie skonsolidowany bez informacji debugowania
sfml-window-s-d.lib(Context.cpp.obj) : warning LNK4099: nie znaleziono pliku PDB "sfml-window-s-d.pdb" z elementem "sfml-window-s-d.lib(Context.cpp.obj)" lub w pozycji "C:\Users\mruczy\Desktop\SFML\x64\Debug\sfml-window-s-d.pdb"; obiekt zostanie skonsolidowany bez informacji debugowania
sfml-window-s-d.lib(GlResource.cpp.obj) : warning LNK4099: nie znaleziono pliku PDB "sfml-window-s-d.pdb" z elementem "sfml-window-s-d.lib(GlResource.cpp.obj)" lub w pozycji "C:\Users\mruczy\Desktop\SFML\x64\Debug\sfml-window-s-d.pdb"; obiekt zostanie skonsolidowany bez informacji debugowania
sfml-window-s-d.lib(InputImpl.cpp.obj) : warning LNK4099: nie znaleziono pliku PDB "sfml-window-s-d.pdb" z elementem "sfml-window-s-d.lib(InputImpl.cpp.obj)" lub w pozycji "C:\Users\mruczy\Desktop\SFML\x64\Debug\sfml-window-s-d.pdb"; obiekt zostanie skonsolidowany bez informacji debugowania
sfml-window-s-d.lib(VideoModeImpl.cpp.obj) : warning LNK4099: nie znaleziono pliku PDB "sfml-window-s-d.pdb" z elementem "sfml-window-s-d.lib(VideoModeImpl.cpp.obj)" lub w pozycji "C:\Users\mruczy\Desktop\SFML\x64\Debug\sfml-window-s-d.pdb"; obiekt zostanie skonsolidowany bez informacji debugowania
sfml-window-s-d.lib(Cursor.cpp.obj) : warning LNK4099: nie znaleziono pliku PDB "sfml-window-s-d.pdb" z elementem "sfml-window-s-d.lib(Cursor.cpp.obj)" lub w pozycji "C:\Users\mruczy\Desktop\SFML\x64\Debug\sfml-window-s-d.pdb"; obiekt zostanie skonsolidowany bez informacji debugowania
sfml-window-s-d.lib(GlContext.cpp.obj) : warning LNK4099: nie znaleziono pliku PDB "sfml-window-s-d.pdb" z elementem "sfml-window-s-d.lib(GlContext.cpp.obj)" lub w pozycji "C:\Users\mruczy\Desktop\SFML\x64\Debug\sfml-window-s-d.pdb"; obiekt zostanie skonsolidowany bez informacji debugowania
sfml-window-s-d.lib(WindowImpl.cpp.obj) : warning LNK4099: nie znaleziono pliku PDB "sfml-window-s-d.pdb" z elementem "sfml-window-s-d.lib(WindowImpl.cpp.obj)" lub w pozycji "C:\Users\mruczy\Desktop\SFML\x64\Debug\sfml-window-s-d.pdb"; obiekt zostanie skonsolidowany bez informacji debugowania
sfml-window-s-d.lib(CursorImpl.cpp.obj) : warning LNK4099: nie znaleziono pliku PDB "sfml-window-s-d.pdb" z elementem "sfml-window-s-d.lib(CursorImpl.cpp.obj)" lub w pozycji "C:\Users\mruczy\Desktop\SFML\x64\Debug\sfml-window-s-d.pdb"; obiekt zostanie skonsolidowany bez informacji debugowania
sfml-window-s-d.lib(WglContext.cpp.obj) : warning LNK4099: nie znaleziono pliku PDB "sfml-window-s-d.pdb" z elementem "sfml-window-s-d.lib(WglContext.cpp.obj)" lub w pozycji "C:\Users\mruczy\Desktop\SFML\x64\Debug\sfml-window-s-d.pdb"; obiekt zostanie skonsolidowany bez informacji debugowania
sfml-window-s-d.lib(JoystickManager.cpp.obj) : warning LNK4099: nie znaleziono pliku PDB "sfml-window-s-d.pdb" z elementem "sfml-window-s-d.lib(JoystickManager.cpp.obj)" lub w pozycji "C:\Users\mruczy\Desktop\SFML\x64\Debug\sfml-window-s-d.pdb"; obiekt zostanie skonsolidowany bez informacji debugowania
sfml-window-s-d.lib(SensorManager.cpp.obj) : warning LNK4099: nie znaleziono pliku PDB "sfml-window-s-d.pdb" z elementem "sfml-window-s-d.lib(SensorManager.cpp.obj)" lub w pozycji "C:\Users\mruczy\Desktop\SFML\x64\Debug\sfml-window-s-d.pdb"; obiekt zostanie skonsolidowany bez informacji debugowania
sfml-window-s-d.lib(WindowImplWin32.cpp.obj) : warning LNK4099: nie znaleziono pliku PDB "sfml-window-s-d.pdb" z elementem "sfml-window-s-d.lib(WindowImplWin32.cpp.obj)" lub w pozycji "C:\Users\mruczy\Desktop\SFML\x64\Debug\sfml-window-s-d.pdb"; obiekt zostanie skonsolidowany bez informacji debugowania
sfml-window-s-d.lib(WglExtensions.cpp.obj) : warning LNK4099: nie znaleziono pliku PDB "sfml-window-s-d.pdb" z elementem "sfml-window-s-d.lib(WglExtensions.cpp.obj)" lub w pozycji "C:\Users\mruczy\Desktop\SFML\x64\Debug\sfml-window-s-d.pdb"; obiekt zostanie skonsolidowany bez informacji debugowania
sfml-window-s-d.lib(Joystick.cpp.obj) : warning LNK4099: nie znaleziono pliku PDB "sfml-window-s-d.pdb" z elementem "sfml-window-s-d.lib(Joystick.cpp.obj)" lub w pozycji "C:\Users\mruczy\Desktop\SFML\x64\Debug\sfml-window-s-d.pdb"; obiekt zostanie skonsolidowany bez informacji debugowania
sfml-window-s-d.lib(JoystickImpl.cpp.obj) : warning LNK4099: nie znaleziono pliku PDB "sfml-window-s-d.pdb" z elementem "sfml-window-s-d.lib(JoystickImpl.cpp.obj)" lub w pozycji "C:\Users\mruczy\Desktop\SFML\x64\Debug\sfml-window-s-d.pdb"; obiekt zostanie skonsolidowany bez informacji debugowania
sfml-window-s-d.lib(SensorImpl.cpp.obj) : warning LNK4099: nie znaleziono pliku PDB "sfml-window-s-d.pdb" z elementem "sfml-window-s-d.lib(SensorImpl.cpp.obj)" lub w pozycji "C:\Users\mruczy\Desktop\SFML\x64\Debug\sfml-window-s-d.pdb"; obiekt zostanie skonsolidowany bez informacji debugowania
sfml-system-s-d.lib(String.cpp.obj) : warning LNK4099: nie znaleziono pliku PDB "sfml-system-s-d.pdb" z elementem "sfml-system-s-d.lib(String.cpp.obj)" lub w pozycji "C:\Users\mruczy\Desktop\SFML\x64\Debug\sfml-system-s-d.pdb"; obiekt zostanie skonsolidowany bez informacji debugowania
sfml-system-s-d.lib(Mutex.cpp.obj) : warning LNK4099: nie znaleziono pliku PDB "sfml-system-s-d.pdb" z elementem "sfml-system-s-d.lib(Mutex.cpp.obj)" lub w pozycji "C:\Users\mruczy\Desktop\SFML\x64\Debug\sfml-system-s-d.pdb"; obiekt zostanie skonsolidowany bez informacji debugowania
sfml-system-s-d.lib(Lock.cpp.obj) : warning LNK4099: nie znaleziono pliku PDB "sfml-system-s-d.pdb" z elementem "sfml-system-s-d.lib(Lock.cpp.obj)" lub w pozycji "C:\Users\mruczy\Desktop\SFML\x64\Debug\sfml-system-s-d.pdb"; obiekt zostanie skonsolidowany bez informacji debugowania
sfml-system-s-d.lib(Err.cpp.obj) : warning LNK4099: nie znaleziono pliku PDB "sfml-system-s-d.pdb" z elementem "sfml-system-s-d.lib(Err.cpp.obj)" lub w pozycji "C:\Users\mruczy\Desktop\SFML\x64\Debug\sfml-system-s-d.pdb"; obiekt zostanie skonsolidowany bez informacji debugowania
sfml-system-s-d.lib(Time.cpp.obj) : warning LNK4099: nie znaleziono pliku PDB "sfml-system-s-d.pdb" z elementem "sfml-system-s-d.lib(Time.cpp.obj)" lub w pozycji "C:\Users\mruczy\Desktop\SFML\x64\Debug\sfml-system-s-d.pdb"; obiekt zostanie skonsolidowany bez informacji debugowania
sfml-system-s-d.lib(Clock.cpp.obj) : warning LNK4099: nie znaleziono pliku PDB "sfml-system-s-d.pdb" z elementem "sfml-system-s-d.lib(Clock.cpp.obj)" lub w pozycji "C:\Users\mruczy\Desktop\SFML\x64\Debug\sfml-system-s-d.pdb"; obiekt zostanie skonsolidowany bez informacji debugowania
sfml-system-s-d.lib(Sleep.cpp.obj) : warning LNK4099: nie znaleziono pliku PDB "sfml-system-s-d.pdb" z elementem "sfml-system-s-d.lib(Sleep.cpp.obj)" lub w pozycji "C:\Users\mruczy\Desktop\SFML\x64\Debug\sfml-system-s-d.pdb"; obiekt zostanie skonsolidowany bez informacji debugowania
sfml-system-s-d.lib(ThreadLocal.cpp.obj) : warning LNK4099: nie znaleziono pliku PDB "sfml-system-s-d.pdb" z elementem "sfml-system-s-d.lib(ThreadLocal.cpp.obj)" lub w pozycji "C:\Users\mruczy\Desktop\SFML\x64\Debug\sfml-system-s-d.pdb"; obiekt zostanie skonsolidowany bez informacji debugowania
sfml-system-s-d.lib(MutexImpl.cpp.obj) : warning LNK4099: nie znaleziono pliku PDB "sfml-system-s-d.pdb" z elementem "sfml-system-s-d.lib(MutexImpl.cpp.obj)" lub w pozycji "C:\Users\mruczy\Desktop\SFML\x64\Debug\sfml-system-s-d.pdb"; obiekt zostanie skonsolidowany bez informacji debugowania
sfml-system-s-d.lib(ClockImpl.cpp.obj) : warning LNK4099: nie znaleziono pliku PDB "sfml-system-s-d.pdb" z elementem "sfml-system-s-d.lib(ClockImpl.cpp.obj)" lub w pozycji "C:\Users\mruczy\Desktop\SFML\x64\Debug\sfml-system-s-d.pdb"; obiekt zostanie skonsolidowany bez informacji debugowania
sfml-system-s-d.lib(SleepImpl.cpp.obj) : warning LNK4099: nie znaleziono pliku PDB "sfml-system-s-d.pdb" z elementem "sfml-system-s-d.lib(SleepImpl.cpp.obj)" lub w pozycji "C:\Users\mruczy\Desktop\SFML\x64\Debug\sfml-system-s-d.pdb"; obiekt zostanie skonsolidowany bez informacji debugowania
sfml-system-s-d.lib(ThreadLocalImpl.cpp.obj) : warning LNK4099: nie znaleziono pliku PDB "sfml-system-s-d.pdb" z elementem "sfml-system-s-d.lib(ThreadLocalImpl.cpp.obj)" lub w pozycji "C:\Users\mruczy\Desktop\SFML\x64\Debug\sfml-system-s-d.pdb"; obiekt zostanie skonsolidowany bez informacji debugowania
  SetPlot.vcxproj -> C:\Users\mruczy\Desktop\SFML\x64\Debug\main.exe
